0 info it worked if it ends with ok
1 verbose cli [ 'node', '/usr/local/bin/npm', 'publish' ]
2 info using npm@2.8.4
3 info using node@v0.10.32
4 verbose publish [ '.' ]
5 silly cache add args [ '.', null ]
6 verbose cache add spec .
7 silly cache add parsed spec { raw: '.',
7 silly cache add   scope: null,
7 silly cache add   name: null,
7 silly cache add   rawSpec: '.',
7 silly cache add   spec: '/Users/frozeman/Sites/_packages/meteor-build-client',
7 silly cache add   type: 'directory' }
8 verbose addLocalDirectory /Users/frozeman/.npm/meteor-build-client/0.0.8/package.tgz not in flight; packing
9 verbose tar pack [ '/Users/frozeman/.npm/meteor-build-client/0.0.8/package.tgz',
9 verbose tar pack   '/Users/frozeman/Sites/_packages/meteor-build-client' ]
10 verbose tarball /Users/frozeman/.npm/meteor-build-client/0.0.8/package.tgz
11 verbose folder /Users/frozeman/Sites/_packages/meteor-build-client
12 info prepublish meteor-build-client@0.0.8
13 verbose addLocalTarball adding from inside cache /Users/frozeman/.npm/meteor-build-client/0.0.8/package.tgz
14 silly cache afterAdd meteor-build-client@0.0.8
15 verbose afterAdd /Users/frozeman/.npm/meteor-build-client/0.0.8/package/package.json not in flight; writing
16 verbose afterAdd /Users/frozeman/.npm/meteor-build-client/0.0.8/package/package.json written
17 silly publish { name: 'meteor-build-client',
17 silly publish   version: '0.0.8',
17 silly publish   description: 'A bundles the client part of a Meteor app.',
17 silly publish   author: { name: 'Fabian Vogelsteller', email: 'fabian@frozeman.de' },
17 silly publish   contributors: [ { name: 'Morten N.O. Nørgaard Henriksen', email: 'mh@gi2.dk' } ],
17 silly publish   preferGlobal: true,
17 silly publish   analyze: true,
17 silly publish   license: 'MIT',
17 silly publish   repository:
17 silly publish    { type: 'git',
17 silly publish      url: 'git+https://github.com/frozeman/meteor-build-client.git' },
17 silly publish   bugs: { url: 'https://github.com/frozeman/meteor-build-client/issues' },
17 silly publish   keywords: [ 'meteor', 'client', 'client-only', 'browser-only' ],
17 silly publish   bin: { 'meteor-build-client': 'main.js' },
17 silly publish   main: 'main.js',
17 silly publish   dependencies:
17 silly publish    { commander: '^2.8.1',
17 silly publish      'simple-spinner': '0.0.3',
17 silly publish      'tar.gz': '^0.1.1',
17 silly publish      underscore: '^1.8.3' },
17 silly publish   devDependencies: {},
17 silly publish   readme: '[![Gitter](https://badges.gitter.im/Join%20Chat.svg)](https://gitter.im/frozeman/meteor-build-client?utm_source=badge&utm_medium=badge&utm_campaign=pr-badge&utm_content=badge)\n\n*Note: The meteor package `frozeman:build-client` is only a placeholder package, don\'t install.*\n\n# Meteor Build Client\n\nThis tool builds and bundles the client part of a Meteor app with a simple index.html,\nso it can be hosted on any server or even loaded via the `file://` protocol.\n\n## Installation\n\n    $ [sudo] npm install -g meteor-build-client\n\n    // For all options see\n    $ meteor-build-client --help\n\n## Usage\n\n    // cd into you meteor app\n    $ cd myApp\n\n    // run meteor-build-client\n    $ meteor-build-client ../myOutputFolder\n\nAdditionally you can set the `ROOT_URL` of app using the `--url` or `-u` option:\n\n    $ meteor-build-client ../myOutputFolder -u http://myserver.com\n\nThe content of the output folder could look as follows:\n\n- `index.html`\n- `a28817fe16898311635fa73b959979157e830a31.css`\n- `aeca2a21c383327235a08d55994243a9f478ed57.js`\n- `...` (other files from your public folder)\n\n## Using custom templates\n\nIf you want to provide a custom template for the initial HTML provide an HTML file with the `--template` or `-t` option:\n\n    $ meteor-build-client -t ../myTemplate.html\n\nThe template file need to contain the following placholders: `{{> head}}`, `{{> css}}` and `{{> scripts}}`.\nThe following example adds a simple loading text to the initial HTML file (Your app should later take care of removing the loading text):\n\n```html\n<!DOCTYPE html>\n<html>\n    <head>\n        {{> head}}\n        <link rel="stylesheet" type="text/css" href="/loadingScreen.css">\n    </head>\n    <body>\n        <h1>Loading...</h1>\n\n        {{> css}}\n        {{> scripts}}\n    </body>\n</html>\n```\nBy linking a file from your `public` folder (e.g. `loadingScreen.css`) and moving the `{{> css}}` and `{{> scripts}}` placeholder to the end of the `<body>` tag,\nyou can simply style your loading screen.\nBecause the small CSS file (`loadingScreen.css`) and the body content will be loaded *before* the Meteor app script, the the user sees the nice Loading text.\n\n## Connecting to a Meteor server\n\nIn order to connect to a Meteor servers, create DDP connection by using `DDP.connect()`, as seen in the following example:\n\n```js\nDDPConnection = (Meteor.isClient) ? DDP.connect(\'http://localhost:3000/\') : {};\n\nif(Meteor.isClient) {\n    // set the new DDP connection to all internal packages, which require one\n    Meteor.connection = DDPConnection;\n    Accounts.connection = Meteor.connection;\n    Meteor.users = new Mongo.Collection(\'users\');\n    Meteor.connection.subscribe(\'users\');\n}\n\n// When creating a collection use:\nposts = new Mongo.Collection("posts", DDPConnection);\n// And to subscribe use the DDP connection\nDDPConnection.subscribe("mySubscription");\n```\n',
17 silly publish   readmeFilename: 'README.md',
17 silly publish   gitHead: 'eb8b37cb6e0f51223c881fabeed4cbd66e04868f',
17 silly publish   homepage: 'https://github.com/frozeman/meteor-build-client#readme',
17 silly publish   _id: 'meteor-build-client@0.0.8',
17 silly publish   scripts: {},
17 silly publish   _shasum: 'b25d6b5742fe017ad8480af3b7258a8720fb0d60',
17 silly publish   _from: '.' }
18 silly mapToRegistry name meteor-build-client
19 silly mapToRegistry using default registry
20 silly mapToRegistry registry https://registry.npmjs.org/
21 silly mapToRegistry uri https://registry.npmjs.org/meteor-build-client
22 verbose publish registryBase https://registry.npmjs.org/
23 silly publish uploading /Users/frozeman/.npm/meteor-build-client/0.0.8/package.tgz
24 verbose request uri https://registry.npmjs.org/meteor-build-client
25 verbose request sending authorization for write operation
26 info attempt registry request try #1 at 23:31:43
27 verbose request using bearer token for auth
28 verbose request id b427941c6e2e525d
29 http request PUT https://registry.npmjs.org/meteor-build-client
30 http 403 https://registry.npmjs.org/meteor-build-client
31 verbose headers { 'content-type': 'application/json',
31 verbose headers   'cache-control': 'max-age=60',
31 verbose headers   'content-length': '95',
31 verbose headers   'accept-ranges': 'bytes',
31 verbose headers   date: 'Thu, 30 Apr 2015 21:31:45 GMT',
31 verbose headers   via: '1.1 varnish',
31 verbose headers   connection: 'keep-alive',
31 verbose headers   'x-served-by': 'cache-fra1242-FRA',
31 verbose headers   'x-cache': 'MISS',
31 verbose headers   'x-cache-hits': '0',
31 verbose headers   'x-timer': 'S1430429504.490867,VS0,VE747' }
32 verbose request invalidating /Users/frozeman/.npm/registry.npmjs.org/meteor-build-client on PUT
33 error publish Failed PUT 403
34 verbose stack Error: "You cannot publish over the previously published version 0.0.8." : meteor-build-client
34 verbose stack     at CachingRegistryClient.<anonymous> (/usr/local/lib/node_modules/npm/node_modules/npm-registry-client/lib/request.js:247:14)
34 verbose stack     at Request._callback (/usr/local/lib/node_modules/npm/node_modules/npm-registry-client/lib/request.js:170:14)
34 verbose stack     at Request.self.callback (/usr/local/lib/node_modules/npm/node_modules/request/request.js:368:22)
34 verbose stack     at Request.emit (events.js:98:17)
34 verbose stack     at Request.<anonymous> (/usr/local/lib/node_modules/npm/node_modules/request/request.js:1219:14)
34 verbose stack     at Request.emit (events.js:117:20)
34 verbose stack     at IncomingMessage.<anonymous> (/usr/local/lib/node_modules/npm/node_modules/request/request.js:1167:12)
34 verbose stack     at IncomingMessage.emit (events.js:117:20)
34 verbose stack     at _stream_readable.js:943:16
34 verbose stack     at process._tickCallback (node.js:419:13)
35 verbose statusCode 403
36 verbose pkgid meteor-build-client
37 verbose cwd /Users/frozeman/Sites/_packages/meteor-build-client
38 error Darwin 14.1.0
39 error argv "node" "/usr/local/bin/npm" "publish"
40 error node v0.10.32
41 error npm  v2.8.4
42 error code E403
43 error "You cannot publish over the previously published version 0.0.8." : meteor-build-client
44 error If you need help, you may report this error at:
44 error     <https://github.com/npm/npm/issues>
45 verbose exit [ 1, true ]
